<?xml version="1.0" encoding="UTF-8"?>
<!-- Generated by org.testng.reporters.JUnitReportReporter -->
<testsuite hostname="DESKTOP-5CJAOP5" failures="0" tests="1" name="csr.testcases.approve" time="48.373" errors="0" timestamp="2024-03-11T13:19:40 IST" skipped="0">
  <testcase classname="csr.testcases.approve" name="verifyloginvalidcredential1" time="48.373"/>
  <system-out/>
</testsuite> <!-- csr.testcases.approve -->
