<?xml version="1.0" encoding="UTF-8"?>
<!-- Generated by org.testng.reporters.JUnitReportReporter -->
<testsuite hostname="DESKTOP-5CJAOP5" failures="0" tests="1" name="rts.testcases.base.AddVehicle" time="27.992" errors="0" timestamp="2024-02-22T15:53:53 IST" skipped="0">
  <testcase classname="rts.testcases.base.AddVehicle" name="verifyloginvalidcredential" time="27.992"/>
  <system-out/>
</testsuite> <!-- rts.testcases.base.AddVehicle -->
