<?xml version="1.0" encoding="UTF-8"?>
<!-- Generated by org.testng.reporters.JUnitReportReporter -->
<testsuite hostname="DESKTOP-5CJAOP5" failures="0" tests="1" name="rts.testcases.AddVehicle" time="47.295" errors="0" timestamp="2024-03-12T14:31:51 IST" skipped="0">
  <testcase classname="rts.testcases.AddVehicle" name="verifyloginvalidcredential" time="47.295"/>
  <system-out/>
</testsuite> <!-- rts.testcases.AddVehicle -->
