<?xml version="1.0" encoding="UTF-8"?>
<!-- Generated by org.testng.reporters.JUnitReportReporter -->
<testsuite hostname="DESKTOP-5CJAOP5" failures="0" tests="1" name="csr.testcases.invoice" time="31.170" errors="0" timestamp="2024-03-11T12:24:43 IST" skipped="0">
  <testcase classname="csr.testcases.invoice" name="verifyloginvalidcredential1" time="31.170"/>
  <system-out/>
</testsuite> <!-- csr.testcases.invoice -->
