<?xml version="1.0" encoding="UTF-8"?>
<!-- Generated by org.testng.reporters.JUnitReportReporter -->
<testsuite hostname="DESKTOP-5CJAOP5" failures="0" tests="1" name="csr.testcases.approvecsr" time="85.306" errors="0" timestamp="2024-03-12T12:56:21 IST" skipped="0">
  <testcase classname="csr.testcases.approvecsr" name="verifyloginvalidcredential1" time="85.306"/>
  <system-out/>
</testsuite> <!-- csr.testcases.approvecsr -->
