<?xml version="1.0" encoding="UTF-8"?>
<!-- Generated by org.testng.reporters.JUnitReportReporter -->
<testsuite hostname="DESKTOP-5CJAOP5" failures="0" tests="1" name="csr.testcases.AssignTeschnician" time="26.293" errors="0" timestamp="2024-03-12T12:54:13 IST" skipped="0">
  <testcase classname="csr.testcases.AssignTeschnician" name="verifyloginvalidcredential3" time="26.293"/>
  <system-out/>
</testsuite> <!-- csr.testcases.AssignTeschnician -->
