<?xml version="1.0" encoding="UTF-8"?>
<!-- Generated by org.testng.reporters.JUnitReportReporter -->
<testsuite hostname="DESKTOP-5CJAOP5" failures="0" tests="1" name="csr.testcases.addvehiclecsr" time="49.427" errors="0" timestamp="2024-03-12T12:51:20 IST" skipped="0">
  <testcase classname="csr.testcases.addvehiclecsr" name="verifyloginvalidcredential1" time="49.427"/>
  <system-out/>
</testsuite> <!-- csr.testcases.addvehiclecsr -->
