<?xml version="1.0" encoding="UTF-8"?>
<!-- Generated by org.testng.reporters.JUnitReportReporter -->
<testsuite hostname="DESKTOP-5CJAOP5" failures="0" tests="1" name="vendor.testcases.requestVehicle" time="30.816" errors="0" timestamp="2024-03-12T12:52:14 IST" skipped="0">
  <testcase classname="vendor.testcases.requestVehicle" name="verifyloginvalidcredential3" time="30.816"/>
  <system-out/>
</testsuite> <!-- vendor.testcases.requestVehicle -->
