<?xml version="1.0" encoding="UTF-8"?>
<!-- Generated by org.testng.reporters.JUnitReportReporter -->
<testsuite hostname="DESKTOP-5CJAOP5" failures="0" tests="1" name="vendor.testcases.uploadfile" time="44.972" errors="0" timestamp="2024-03-08T18:25:51 IST" skipped="0">
  <testcase classname="vendor.testcases.uploadfile" name="verifyloginvalidcredential3" time="44.972"/>
  <system-out/>
</testsuite> <!-- vendor.testcases.uploadfile -->
